2021-11-15 01:00:28.109  INFO 27556 --- [main] tn.esprit.spring.TimesheetTest           : Starting TimesheetTest on LAPTOP-9VH91A8L with PID 27556 (started by anism in C:\Users\anism\OneDrive\Bureau\5SAE3\devops\Continuous-Integration-Project-Timesheet\Timesheet-spring-boot-core-data-jpa-mvc-REST-1)
2021-11-15 01:00:28.146  INFO 27556 --- [main] tn.esprit.spring.TimesheetTest           : No active profile set, falling back to default profiles: default
2021-11-15 01:00:29.428  INFO 27556 --- [main] .s.d.r.c.RepositoryConfigurationDelegate : Bootstrapping Spring Data repositories in DEFAULT mode.
2021-11-15 01:00:29.563  INFO 27556 --- [main] .s.d.r.c.RepositoryConfigurationDelegate : Finished Spring Data repository scanning in 124ms. Found 6 repository interfaces.
2021-11-15 01:00:30.334  INFO 27556 --- [main] trationDelegate$BeanPostProcessorChecker : Bean 'org.springframework.transaction.annotation.ProxyTransactionManagementConfiguration' of type [org.springframework.transaction.annotation.ProxyTransactionManagementConfiguration$$EnhancerBySpringCGLIB$$3aecdce5] is not eligible for getting processed by all BeanPostProcessors (for example: not eligible for auto-proxying)
2021-11-15 01:00:30.694  INFO 27556 --- [main] com.zaxxer.hikari.HikariDataSource       : HikariPool-1 - Starting...
2021-11-15 01:00:31.068  INFO 27556 --- [main] com.zaxxer.hikari.HikariDataSource       : HikariPool-1 - Start completed.
2021-11-15 01:00:31.167  INFO 27556 --- [main] o.hibernate.jpa.internal.util.LogHelper  : HHH000204: Processing PersistenceUnitInfo [
	name: default
	...]
2021-11-15 01:00:31.293  INFO 27556 --- [main] org.hibernate.Version                    : HHH000412: Hibernate Core {5.3.9.Final}
2021-11-15 01:00:31.296  INFO 27556 --- [main] org.hibernate.cfg.Environment            : HHH000206: hibernate.properties not found
2021-11-15 01:00:31.553  INFO 27556 --- [main] o.hibernate.annotations.common.Version   : HCANN000001: Hibernate Commons Annotations {5.0.4.Final}
2021-11-15 01:00:32.286  INFO 27556 --- [main] org.hibernate.dialect.Dialect            : HHH000400: Using dialect: org.hibernate.dialect.MySQL5Dialect
2021-11-15 01:00:33.799  INFO 27556 --- [main] j.LocalContainerEntityManagerFactoryBean : Initialized JPA EntityManagerFactory for persistence unit 'default'
2021-11-15 01:00:34.420  INFO 27556 --- [main] o.h.h.i.QueryTranslatorFactoryInitiator  : HHH000397: Using ASTQueryTranslatorFactory
2021-11-15 01:00:36.181  INFO 27556 --- [main] o.s.s.concurrent.ThreadPoolTaskExecutor  : Initializing ExecutorService 'applicationTaskExecutor'
2021-11-15 01:00:36.430  WARN 27556 --- [main] aWebConfiguration$JpaWebMvcConfiguration : spring.jpa.open-in-view is enabled by default. Therefore, database queries may be performed during view rendering. Explicitly configure spring.jpa.open-in-view to disable this warning
2021-11-15 01:00:37.119  INFO 27556 --- [main] tn.esprit.spring.TimesheetTest           : Started TimesheetTest in 9.489 seconds (JVM running for 10.846)
2021-11-15 01:00:37.544  INFO 27556 --- [main] tn.esprit.spring.TimesheetTest           : employe added with id :303
2021-11-15 01:00:37.557  INFO 27556 --- [main] tn.esprit.spring.TimesheetTest           : mission added with id :535
2021-11-15 01:00:37.563  INFO 27556 --- [main] tn.esprit.spring.TimesheetTest           : mission added with id :536
2021-11-15 01:00:37.725  INFO 27556 --- [main] tn.esprit.spring.TimesheetTest           : mission affecter a departement
2021-11-15 01:00:37.786  INFO 27556 --- [main] tn.esprit.spring.TimesheetTest           : mission affecter a departement
2021-11-15 01:00:37.803  INFO 27556 --- [main] tn.esprit.spring.TimesheetTest           : timesheet added : employe 303mission 535
2021-11-15 01:00:38.064  INFO 27556 --- [main] tn.esprit.spring.TimesheetTest           : timesheet valider : employe 303mission 535
2021-11-15 01:00:38.077  INFO 27556 --- [main] tn.esprit.spring.TimesheetTest           : timesheet added : employe 303mission 536
2021-11-15 01:00:38.189  INFO 27556 --- [main] tn.esprit.spring.TimesheetTest           : timesheet valider : employe 303mission 536
2021-11-15 01:00:38.320  WARN 27556 --- [main] tn.esprit.spring.TimesheetTest           : warning check your method
2021-11-15 01:00:38.334  INFO 27556 --- [main] tn.esprit.spring.TimesheetTest           : employe added with id :304
2021-11-15 01:00:38.338  INFO 27556 --- [main] tn.esprit.spring.TimesheetTest           : employe added with id :305
2021-11-15 01:00:38.343  INFO 27556 --- [main] tn.esprit.spring.TimesheetTest           : mission added with id :537
2021-11-15 01:00:38.383  INFO 27556 --- [main] tn.esprit.spring.TimesheetTest           : mission affecter a departement
2021-11-15 01:00:38.453  INFO 27556 --- [main] tn.esprit.spring.TimesheetTest           : timesheet added : employe 304mission 537
2021-11-15 01:00:38.732  INFO 27556 --- [main] tn.esprit.spring.TimesheetTest           : timesheet valider : employe 304mission 537
2021-11-15 01:00:38.748  INFO 27556 --- [main] tn.esprit.spring.TimesheetTest           : timesheet added : employe 305mission 537
2021-11-15 01:00:38.829  INFO 27556 --- [main] tn.esprit.spring.TimesheetTest           : timesheet valider : employe 305mission 537
2021-11-15 01:00:38.840  INFO 27556 --- [main] tn.esprit.spring.TimesheetTest           : employes founded
2021-11-15 01:00:38.850  INFO 27556 --- [main] tn.esprit.spring.TimesheetTest           : mission added
2021-11-15 01:00:38.858  INFO 27556 --- [main] tn.esprit.spring.TimesheetTest           : departement created and added
2021-11-15 01:00:38.903  INFO 27556 --- [main] tn.esprit.spring.TimesheetTest           : Mission found
2021-11-15 01:00:38.914  INFO 27556 --- [main] tn.esprit.spring.TimesheetTest           : Mission added
2021-11-15 01:00:38.961  INFO 27556 --- [Thread-2] o.s.s.concurrent.ThreadPoolTaskExecutor  : Shutting down ExecutorService 'applicationTaskExecutor'
2021-11-15 01:00:38.965  INFO 27556 --- [Thread-2] j.LocalContainerEntityManagerFactoryBean : Closing JPA EntityManagerFactory for persistence unit 'default'
2021-11-15 01:00:38.968  INFO 27556 --- [Thread-2] com.zaxxer.hikari.HikariDataSource       : HikariPool-1 - Shutdown initiated...
2021-11-15 01:00:38.976  INFO 27556 --- [Thread-2] com.zaxxer.hikari.HikariDataSource       : HikariPool-1 - Shutdown completed.
2021-11-15 01:41:26.092  INFO 23872 --- [main] tn.esprit.spring.TimesheetTest           : Starting TimesheetTest on LAPTOP-9VH91A8L with PID 23872 (started by anism in C:\Users\anism\OneDrive\Bureau\5SAE3\devops\Continuous-Integration-Project-Timesheet\Timesheet-spring-boot-core-data-jpa-mvc-REST-1)
2021-11-15 01:41:26.095  INFO 23872 --- [main] tn.esprit.spring.TimesheetTest           : No active profile set, falling back to default profiles: default
2021-11-15 01:41:27.529  INFO 23872 --- [main] .s.d.r.c.RepositoryConfigurationDelegate : Bootstrapping Spring Data repositories in DEFAULT mode.
2021-11-15 01:41:27.708  INFO 23872 --- [main] .s.d.r.c.RepositoryConfigurationDelegate : Finished Spring Data repository scanning in 160ms. Found 6 repository interfaces.
2021-11-15 01:41:28.488  INFO 23872 --- [main] trationDelegate$BeanPostProcessorChecker : Bean 'org.springframework.transaction.annotation.ProxyTransactionManagementConfiguration' of type [org.springframework.transaction.annotation.ProxyTransactionManagementConfiguration$$EnhancerBySpringCGLIB$$96145cd7] is not eligible for getting processed by all BeanPostProcessors (for example: not eligible for auto-proxying)
2021-11-15 01:41:28.944  INFO 23872 --- [main] com.zaxxer.hikari.HikariDataSource       : HikariPool-1 - Starting...
2021-11-15 01:41:29.300  INFO 23872 --- [main] com.zaxxer.hikari.HikariDataSource       : HikariPool-1 - Start completed.
2021-11-15 01:41:29.416  INFO 23872 --- [main] o.hibernate.jpa.internal.util.LogHelper  : HHH000204: Processing PersistenceUnitInfo [
	name: default
	...]
2021-11-15 01:41:29.552  INFO 23872 --- [main] org.hibernate.Version                    : HHH000412: Hibernate Core {5.3.9.Final}
2021-11-15 01:41:29.561  INFO 23872 --- [main] org.hibernate.cfg.Environment            : HHH000206: hibernate.properties not found
2021-11-15 01:41:29.825  INFO 23872 --- [main] o.hibernate.annotations.common.Version   : HCANN000001: Hibernate Commons Annotations {5.0.4.Final}
2021-11-15 01:41:30.678  INFO 23872 --- [main] org.hibernate.dialect.Dialect            : HHH000400: Using dialect: org.hibernate.dialect.MySQL5Dialect
2021-11-15 01:41:32.264  INFO 23872 --- [main] j.LocalContainerEntityManagerFactoryBean : Initialized JPA EntityManagerFactory for persistence unit 'default'
2021-11-15 01:41:32.968  INFO 23872 --- [main] o.h.h.i.QueryTranslatorFactoryInitiator  : HHH000397: Using ASTQueryTranslatorFactory
2021-11-15 01:41:35.361  INFO 23872 --- [main] o.s.s.concurrent.ThreadPoolTaskExecutor  : Initializing ExecutorService 'applicationTaskExecutor'
2021-11-15 01:41:35.774  WARN 23872 --- [main] aWebConfiguration$JpaWebMvcConfiguration : spring.jpa.open-in-view is enabled by default. Therefore, database queries may be performed during view rendering. Explicitly configure spring.jpa.open-in-view to disable this warning
2021-11-15 01:41:36.624  INFO 23872 --- [main] tn.esprit.spring.TimesheetTest           : Started TimesheetTest in 11.131 seconds (JVM running for 12.699)
2021-11-15 01:41:36.986  INFO 23872 --- [main] tn.esprit.spring.TimesheetTest           : employe added with id :306
2021-11-15 01:41:37.026  INFO 23872 --- [main] tn.esprit.spring.TimesheetTest           : mission added with id :540
2021-11-15 01:41:37.031  INFO 23872 --- [main] tn.esprit.spring.TimesheetTest           : mission added with id :541
2021-11-15 01:41:37.266  INFO 23872 --- [main] tn.esprit.spring.TimesheetTest           : mission affecter a departement
2021-11-15 01:41:37.382  INFO 23872 --- [main] tn.esprit.spring.TimesheetTest           : mission affecter a departement
2021-11-15 01:41:37.431  INFO 23872 --- [main] tn.esprit.spring.TimesheetTest           : timesheet added : employe 306mission 540
2021-11-15 01:41:37.809  INFO 23872 --- [main] tn.esprit.spring.TimesheetTest           : timesheet valider : employe 306mission 540
2021-11-15 01:41:37.838  INFO 23872 --- [main] tn.esprit.spring.TimesheetTest           : timesheet added : employe 306mission 541
2021-11-15 01:41:38.038  INFO 23872 --- [main] tn.esprit.spring.TimesheetTest           : timesheet valider : employe 306mission 541
2021-11-15 01:41:38.236  WARN 23872 --- [main] tn.esprit.spring.TimesheetTest           : warning check your method
2021-11-15 01:41:38.255  INFO 23872 --- [main] tn.esprit.spring.TimesheetTest           : employe added with id :307
2021-11-15 01:41:38.262  INFO 23872 --- [main] tn.esprit.spring.TimesheetTest           : employe added with id :308
2021-11-15 01:41:38.267  INFO 23872 --- [main] tn.esprit.spring.TimesheetTest           : mission added with id :542
2021-11-15 01:41:38.378  INFO 23872 --- [main] tn.esprit.spring.TimesheetTest           : mission affecter a departement
2021-11-15 01:41:38.389  INFO 23872 --- [main] tn.esprit.spring.TimesheetTest           : timesheet added : employe 307mission 542
2021-11-15 01:41:38.567  INFO 23872 --- [main] tn.esprit.spring.TimesheetTest           : timesheet valider : employe 307mission 542
2021-11-15 01:41:38.575  INFO 23872 --- [main] tn.esprit.spring.TimesheetTest           : timesheet added : employe 308mission 542
2021-11-15 01:41:38.879  INFO 23872 --- [main] tn.esprit.spring.TimesheetTest           : timesheet valider : employe 308mission 542
2021-11-15 01:41:38.895  INFO 23872 --- [main] tn.esprit.spring.TimesheetTest           : employes founded
2021-11-15 01:41:38.903  INFO 23872 --- [main] tn.esprit.spring.TimesheetTest           : mission added
2021-11-15 01:41:38.914  INFO 23872 --- [main] tn.esprit.spring.TimesheetTest           : departement created and added
2021-11-15 01:41:38.949  INFO 23872 --- [main] tn.esprit.spring.TimesheetTest           : Mission found
2021-11-15 01:41:38.961  INFO 23872 --- [main] tn.esprit.spring.TimesheetTest           : Mission added
2021-11-15 01:41:39.012  INFO 23872 --- [Thread-2] o.s.s.concurrent.ThreadPoolTaskExecutor  : Shutting down ExecutorService 'applicationTaskExecutor'
2021-11-15 01:41:39.019  INFO 23872 --- [Thread-2] j.LocalContainerEntityManagerFactoryBean : Closing JPA EntityManagerFactory for persistence unit 'default'
2021-11-15 01:41:39.023  INFO 23872 --- [Thread-2] com.zaxxer.hikari.HikariDataSource       : HikariPool-1 - Shutdown initiated...
2021-11-15 01:41:39.032  INFO 23872 --- [Thread-2] com.zaxxer.hikari.HikariDataSource       : HikariPool-1 - Shutdown completed.
